<?xml version="1.0" encoding="utf-8"?><testsuites name="pytest tests"><testsuite name="pytest" errors="0" failures="0" skipped="0" tests="23" time="7.734" timestamp="2026-04-10T06:42:14.426337+00:00" hostname="agent-env-9e016546-ba0f-44f1-96c0-0b5dfae420e9"><testcase classname="backend.tests.test_rate_limiting_prompts.TestPasswordVerification" name="test_correct_password_returns_valid" time="0.260" /><testcase classname="backend.tests.test_rate_limiting_prompts.TestPasswordVerification" name="test_wrong_password_returns_401_with_attempts" time="0.154" /><testcase classname="backend.tests.test_rate_limiting_prompts.TestRateLimiting" name="test_lockout_after_3_wrong_attempts" time="0.399" /><testcase classname="backend.tests.test_rate_limiting_prompts.TestRateLimiting" name="test_correct_password_blocked_after_lockout" time="0.519" /><testcase classname="backend.tests.test_rate_limiting_prompts.TestResetTimer" name="test_reset_timer_with_correct_password" time="0.651" /><testcase classname="backend.tests.test_rate_limiting_prompts.TestResetTimer" name="test_verify_password_works_after_reset" time="0.533" /><testcase classname="backend.tests.test_rate_limiting_prompts.TestResetTimer" name="test_reset_timer_wrong_password_returns_401" time="0.446" /><testcase classname="backend.tests.test_rate_limiting_prompts.TestResetTimer" name="test_reset_timer_has_own_limit" time="1.690" /><testcase classname="backend.tests.test_rate_limiting_prompts.TestPasswordStatus" name="test_get_password_status_new_client" time="0.104" /><testcase classname="backend.tests.test_rate_limiting_prompts.TestPasswordStatus" name="test_get_password_status_after_failed_attempt" time="0.218" /><testcase classname="backend.tests.test_rate_limiting_prompts.TestPromptsCRUD" name="test_get_all_prompts" time="0.098" /><testcase classname="backend.tests.test_rate_limiting_prompts.TestPromptsCRUD" name="test_get_single_prompt" time="0.128" /><testcase classname="backend.tests.test_rate_limiting_prompts.TestPromptsCRUD" name="test_update_prompt" time="0.216" /><testcase classname="backend.tests.test_rate_limiting_prompts.TestPromptsCRUD" name="test_reset_prompt_to_default" time="0.213" /><testcase classname="backend.tests.test_rate_limiting_prompts.TestPromptsCRUD" name="test_invalid_agent_id_returns_400" time="0.103" /><testcase classname="backend.tests.test_rate_limiting_prompts.TestWhitelistEmails" name="test_get_whitelist_emails" time="0.106" /><testcase classname="backend.tests.test_rate_limiting_prompts.TestWhitelistEmails" name="test_add_email_to_whitelist" time="0.225" /><testcase classname="backend.tests.test_rate_limiting_prompts.TestWhitelistEmails" name="test_delete_email_from_whitelist" time="0.203" /><testcase classname="backend.tests.test_rate_limiting_prompts.TestWhitelistEmails" name="test_delete_nonexistent_email_returns_404" time="0.107" /><testcase classname="backend.tests.test_rate_limiting_prompts.TestBypassMode" name="test_get_bypass_settings" time="0.105" /><testcase classname="backend.tests.test_rate_limiting_prompts.TestBypassMode" name="test_toggle_bypass_mode" time="0.319" /><testcase classname="backend.tests.test_rate_limiting_prompts.TestWhitelistCheck" name="test_check_whitelisted_email" time="0.311" /><testcase classname="backend.tests.test_rate_limiting_prompts.TestWhitelistCheck" name="test_check_non_whitelisted_email" time="0.504" /></testsuite></testsuites>