<?xml version="1.0" encoding="utf-8"?><testsuites name="pytest tests"><testsuite name="pytest" errors="0" failures="0" skipped="0" tests="10" time="2.813" timestamp="2026-04-11T04:02:17.033136+00:00" hostname="agent-env-9e016546-ba0f-44f1-96c0-0b5dfae420e9"><testcase classname="backend.tests.test_iteration6.TestPasswordVerification" name="test_verify_password_correct" time="0.136" /><testcase classname="backend.tests.test_iteration6.TestPasswordVerification" name="test_verify_password_wrong" time="0.105" /><testcase classname="backend.tests.test_iteration6.TestPrompts" name="test_get_prompts_returns_all_four" time="0.109" /><testcase classname="backend.tests.test_iteration6.TestWhitelistBypass" name="test_get_bypass_settings" time="0.118" /><testcase classname="backend.tests.test_iteration6.TestRateLimiting" name="test_rate_limiting_locks_after_3_attempts" time="0.420" /><testcase classname="backend.tests.test_iteration6.TestRateLimiting" name="test_correct_password_after_lockout_still_blocked" time="0.473" /><testcase classname="backend.tests.test_iteration6.TestWhitelistEmails" name="test_get_whitelist_emails" time="0.104" /><testcase classname="backend.tests.test_iteration6.TestWhitelistEmails" name="test_add_and_delete_whitelist_email" time="0.492" /><testcase classname="backend.tests.test_iteration6.TestPasswordStatus" name="test_get_password_status" time="0.107" /><testcase classname="backend.tests.test_iteration6.TestResetTimer" name="test_reset_timer_with_correct_password" time="0.669" /></testsuite></testsuites>