<?xml version="1.0" encoding="utf-8"?><testsuites name="pytest tests"><testsuite name="pytest" errors="0" failures="0" skipped="0" tests="23" time="7.691" timestamp="2026-04-10T08:33:07.947285+00:00" hostname="agent-env-9e016546-ba0f-44f1-96c0-0b5dfae420e9"><testcase classname="backend.tests.test_rate_limiting_prompts.TestPasswordVerification" name="test_correct_password_returns_valid" time="0.273" /><testcase classname="backend.tests.test_rate_limiting_prompts.TestPasswordVerification" name="test_wrong_password_returns_401_with_attempts" time="0.272" /><testcase classname="backend.tests.test_rate_limiting_prompts.TestRateLimiting" name="test_lockout_after_3_wrong_attempts" time="0.424" /><testcase classname="backend.tests.test_rate_limiting_prompts.TestRateLimiting" name="test_correct_password_blocked_after_lockout" time="0.499" /><testcase classname="backend.tests.test_rate_limiting_prompts.TestResetTimer" name="test_reset_timer_with_correct_password" time="0.570" /><testcase classname="backend.tests.test_rate_limiting_prompts.TestResetTimer" name="test_verify_password_works_after_reset" time="0.512" /><testcase classname="backend.tests.test_rate_limiting_prompts.TestResetTimer" name="test_reset_timer_wrong_password_returns_401" time="0.422" /><testcase classname="backend.tests.test_rate_limiting_prompts.TestResetTimer" name="test_reset_timer_has_own_limit" time="1.663" /><testcase classname="backend.tests.test_rate_limiting_prompts.TestPasswordStatus" name="test_get_password_status_new_client" time="0.101" /><testcase classname="backend.tests.test_rate_limiting_prompts.TestPasswordStatus" name="test_get_password_status_after_failed_attempt" time="0.194" /><testcase classname="backend.tests.test_rate_limiting_prompts.TestPromptsCRUD" name="test_get_all_prompts" time="0.117" /><testcase classname="backend.tests.test_rate_limiting_prompts.TestPromptsCRUD" name="test_get_single_prompt" time="0.122" /><testcase classname="backend.tests.test_rate_limiting_prompts.TestPromptsCRUD" name="test_update_prompt" time="0.184" /><testcase classname="backend.tests.test_rate_limiting_prompts.TestPromptsCRUD" name="test_reset_prompt_to_default" time="0.196" /><testcase classname="backend.tests.test_rate_limiting_prompts.TestPromptsCRUD" name="test_invalid_agent_id_returns_400" time="0.108" /><testcase classname="backend.tests.test_rate_limiting_prompts.TestWhitelistEmails" name="test_get_whitelist_emails" time="0.110" /><testcase classname="backend.tests.test_rate_limiting_prompts.TestWhitelistEmails" name="test_add_email_to_whitelist" time="0.211" /><testcase classname="backend.tests.test_rate_limiting_prompts.TestWhitelistEmails" name="test_delete_email_from_whitelist" time="0.204" /><testcase classname="backend.tests.test_rate_limiting_prompts.TestWhitelistEmails" name="test_delete_nonexistent_email_returns_404" time="0.127" /><testcase classname="backend.tests.test_rate_limiting_prompts.TestBypassMode" name="test_get_bypass_settings" time="0.099" /><testcase classname="backend.tests.test_rate_limiting_prompts.TestBypassMode" name="test_toggle_bypass_mode" time="0.316" /><testcase classname="backend.tests.test_rate_limiting_prompts.TestWhitelistCheck" name="test_check_whitelisted_email" time="0.327" /><testcase classname="backend.tests.test_rate_limiting_prompts.TestWhitelistCheck" name="test_check_non_whitelisted_email" time="0.516" /></testsuite></testsuites>